\BOOKMARK [0][-]{chapter.1}{\376\377\000I\000n\000t\000r\000o\000d\000u\000c\000t\000i\000o\000n}{}% 1
\BOOKMARK [1][-]{section.1.1}{\376\377\000S\000u\000m\000m\000a\000r\000y}{chapter.1}% 2
\BOOKMARK [1][-]{section.1.2}{\376\377\000T\000h\000e\000s\000i\000s\000\040\000C\000o\000n\000t\000r\000i\000b\000u\000t\000i\000o\000n}{chapter.1}% 3
\BOOKMARK [0][-]{chapter.2}{\376\377\000L\000i\000t\000e\000r\000a\000t\000u\000r\000e\000\040\000R\000e\000v\000i\000e\000w}{}% 4
\BOOKMARK [1][-]{section.2.1}{\376\377\000I\000n\000d\000o\000o\000r\000\040\000L\000o\000c\000a\000l\000i\000z\000a\000t\000i\000o\000n}{chapter.2}% 5
\BOOKMARK [2][-]{subsection.2.1.1}{\376\377\000T\000e\000c\000h\000n\000i\000q\000u\000e\000s\000\040\000f\000o\000r\000\040\000I\000n\000d\000o\000o\000r\000\040\000L\000o\000c\000a\000l\000i\000z\000a\000t\000i\000o\000n}{section.2.1}% 6
\BOOKMARK [2][-]{subsection.2.1.2}{\376\377\000T\000e\000c\000h\000n\000o\000l\000o\000g\000i\000e\000s\000\040\000f\000o\000r\000\040\000I\000n\000d\000o\000o\000r\000\040\000l\000o\000c\000a\000l\000i\000z\000a\000t\000i\000o\000n}{section.2.1}% 7
\BOOKMARK [2][-]{subsection.2.1.3}{\376\377\000A\000p\000p\000l\000i\000c\000a\000t\000i\000o\000n\000s\000\040\000o\000f\000\040\000I\000n\000d\000o\000o\000r\000\040\000L\000o\000c\000a\000l\000i\000z\000a\000t\000i\000o\000n}{section.2.1}% 8
\BOOKMARK [0][-]{chapter.3}{\376\377\000D\000a\000t\000a\000S\000e\000t}{}% 9
\BOOKMARK [1][-]{section.3.1}{\376\377\000U\000j\000i\000I\000n\000d\000o\000o\000r\000\040\000L\000o\000c\000\040\000D\000a\000t\000a\000s\000e\000t}{chapter.3}% 10
\BOOKMARK [2][-]{subsection.3.1.1}{\376\377\000D\000e\000s\000c\000r\000i\000p\000t\000i\000o\000n\000\040\000o\000f\000\040\000e\000l\000e\000m\000e\000n\000t\000s\000\040\000s\000t\000o\000r\000e\000d}{section.3.1}% 11
\BOOKMARK [1][-]{section.3.2}{\376\377\000O\000t\000h\000e\000r\000\040\000D\000a\000t\000a\000s\000e\000t\000s}{chapter.3}% 12
\BOOKMARK [2][-]{subsection.3.2.1}{\376\377\000B\000L\000E\000\040\000F\000i\000n\000g\000e\000r\000p\000r\000i\000n\000t\000i\000n\000g\000\040\000D\000a\000t\000a\000s\000e\000t}{section.3.2}% 13
\BOOKMARK [2][-]{subsection.3.2.2}{\376\377\000L\000a\000b\000\040\000D\000a\000t\000a\000s\000e\000t\000\040\000-\000\040\000K\000a\000g\000g\000l\000e}{section.3.2}% 14
\BOOKMARK [0][-]{chapter.4}{\376\377\000M\000e\000t\000h\000o\000d\000o\000l\000o\000g\000y}{}% 15
\BOOKMARK [1][-]{section.4.1}{\376\377\000E\000x\000p\000l\000o\000r\000a\000t\000o\000r\000y\000\040\000D\000a\000t\000a\000\040\000A\000n\000a\000l\000y\000s\000i\000s}{chapter.4}% 16
\BOOKMARK [1][-]{section.4.2}{\376\377\000M\000o\000d\000e\000l\000l\000i\000n\000g\000\040\000a\000s\000\040\000a\000\040\000C\000l\000a\000s\000s\000i\000f\000i\000c\000a\000t\000i\000o\000n\000\040\000P\000r\000o\000b\000l\000e\000m}{chapter.4}% 17
\BOOKMARK [2][-]{subsection.4.2.1}{\376\377\000F\000e\000a\000t\000u\000r\000e\000\040\000E\000n\000g\000i\000n\000e\000e\000r\000i\000n\000g}{section.4.2}% 18
\BOOKMARK [2][-]{subsection.4.2.2}{\376\377\000D\000a\000t\000a\000\040\000P\000r\000e\000p\000r\000o\000c\000e\000s\000s\000i\000n\000g}{section.4.2}% 19
\BOOKMARK [2][-]{subsection.4.2.3}{\376\377\000F\000e\000a\000t\000u\000r\000e\000\040\000S\000e\000l\000e\000c\000t\000i\000o\000n\000\040\000a\000n\000d\000\040\000S\000a\000m\000p\000l\000i\000n\000g}{section.4.2}% 20
\BOOKMARK [2][-]{subsection.4.2.4}{\376\377\000C\000l\000a\000s\000s\000i\000f\000i\000c\000a\000t\000i\000o\000n\000\040\000M\000o\000d\000e\000l\000\040\000S\000e\000l\000e\000c\000t\000i\000o\000n}{section.4.2}% 21
\BOOKMARK [2][-]{subsection.4.2.5}{\376\377\000C\000l\000a\000s\000s\000i\000f\000i\000c\000a\000t\000i\000o\000n\000\040\000M\000o\000d\000e\000l\000\040\000T\000u\000n\000i\000n\000g}{section.4.2}% 22
\BOOKMARK [2][-]{subsection.4.2.6}{\376\377\000M\000e\000t\000r\000i\000c\000s\000\040\000f\000o\000r\000\040\000E\000v\000a\000l\000u\000a\000t\000i\000o\000n\000\040\000o\000f\000\040\000R\000e\000s\000u\000l\000t\000s}{section.4.2}% 23
\BOOKMARK [2][-]{subsection.4.2.7}{\376\377\000E\000v\000a\000l\000u\000a\000t\000i\000o\000n\000\040\000o\000f\000\040\000P\000C\000A\000\040\000o\000n\000\040\000f\000u\000l\000l\000\040\000d\000a\000t\000a}{section.4.2}% 24
\BOOKMARK [1][-]{section.4.3}{\376\377\000M\000o\000d\000e\000l\000l\000i\000n\000g\000\040\000a\000s\000\040\000a\000\040\000R\000e\000g\000r\000e\000s\000s\000i\000o\000n\000\040\000P\000r\000o\000b\000l\000e\000m}{chapter.4}% 25
\BOOKMARK [2][-]{subsection.4.3.1}{\376\377\000F\000e\000a\000t\000u\000r\000e\000\040\000E\000n\000g\000i\000n\000e\000e\000r\000i\000n\000g}{section.4.3}% 26
\BOOKMARK [2][-]{subsection.4.3.2}{\376\377\000F\000e\000a\000t\000u\000r\000e\000\040\000S\000e\000l\000e\000c\000t\000i\000o\000n\000\040\000a\000n\000d\000\040\000P\000C\000A}{section.4.3}% 27
\BOOKMARK [2][-]{subsection.4.3.3}{\376\377\000R\000e\000g\000r\000e\000s\000s\000i\000o\000n\000\040\000M\000o\000d\000e\000l\000\040\000S\000e\000l\000e\000c\000t\000i\000o\000n}{section.4.3}% 28
\BOOKMARK [2][-]{subsection.4.3.4}{\376\377\000R\000e\000g\000r\000e\000s\000s\000i\000o\000n\000\040\000M\000o\000d\000e\000l\000\040\000T\000u\000n\000i\000n\000g}{section.4.3}% 29
\BOOKMARK [1][-]{section.4.4}{\376\377\000M\000o\000d\000e\000l\000l\000i\000n\000g\000\040\000a\000s\000\040\000a\000\040\000M\000u\000l\000t\000i\000\040\000C\000a\000s\000c\000a\000d\000e\000d\000\040\000C\000l\000a\000s\000s\000i\000f\000i\000c\000a\000t\000i\000o\000n\000\040\000a\000n\000d\000\040\000R\000e\000g\000r\000e\000s\000s\000i\000o\000n\000\040\000P\000r\000o\000b\000l\000e\000m}{chapter.4}% 30
\BOOKMARK [2][-]{subsection.4.4.1}{\376\377\000T\000h\000r\000e\000e\000\040\000S\000t\000a\000g\000e\000\040\000C\000a\000s\000c\000a\000d\000e\000d\000\040\000M\000a\000c\000h\000i\000n\000e\000\040\000L\000e\000a\000r\000n\000i\000n\000g\000\040\000M\000o\000d\000e\000l}{section.4.4}% 31
\BOOKMARK [2][-]{subsection.4.4.2}{\376\377\000M\000e\000t\000r\000i\000c\000\040\000f\000o\000r\000\040\000E\000v\000a\000l\000u\000a\000t\000i\000o\000n\000\040\000o\000f\000\040\000R\000e\000s\000u\000l\000t\000s}{section.4.4}% 32
\BOOKMARK [1][-]{section.4.5}{\376\377\000T\000r\000i\000l\000a\000t\000e\000r\000a\000t\000i\000o\000n\000\040\000M\000e\000t\000h\000o\000d\000o\000l\000o\000g\000y\000\040\000f\000o\000r\000\040\000l\000o\000c\000a\000l\000i\000z\000a\000t\000i\000o\000n\000\040\000o\000f\000\040\000A\000c\000c\000e\000s\000s\000\040\000P\000o\000i\000n\000t\000s}{chapter.4}% 33
\BOOKMARK [2][-]{subsection.4.5.1}{\376\377\000G\000e\000o\000m\000e\000t\000r\000i\000c\000a\000l\000\040\000I\000n\000t\000e\000r\000p\000r\000e\000t\000a\000t\000i\000o\000n}{section.4.5}% 34
\BOOKMARK [2][-]{subsection.4.5.2}{\376\377\000M\000a\000t\000h\000e\000m\000a\000t\000i\000c\000a\000l\000\040\000I\000n\000t\000e\000r\000p\000r\000e\000t\000a\000t\000i\000o\000n}{section.4.5}% 35
\BOOKMARK [2][-]{subsection.4.5.3}{\376\377\000O\000p\000t\000i\000m\000z\000a\000t\000i\000o\000n\000\040\000A\000l\000g\000o\000r\000i\000t\000h\000m}{section.4.5}% 36
\BOOKMARK [2][-]{subsection.4.5.4}{\376\377\000I\000m\000p\000l\000e\000m\000e\000n\000t\000a\000t\000i\000o\000n}{section.4.5}% 37
\BOOKMARK [0][-]{chapter.5}{\376\377\000R\000e\000s\000u\000l\000t\000s}{}% 38
\BOOKMARK [1][-]{section.5.1}{\376\377\000M\000o\000d\000e\000l\000l\000i\000n\000g\000\040\000a\000s\000\040\000a\000\040\000C\000l\000a\000s\000s\000i\000f\000i\000c\000a\000t\000i\000o\000n\000\040\000P\000r\000o\000b\000l\000e\000m}{chapter.5}% 39
\BOOKMARK [1][-]{section.5.2}{\376\377\000M\000o\000d\000e\000l\000l\000i\000n\000g\000\040\000a\000s\000\040\000a\000\040\000R\000e\000g\000r\000e\000s\000s\000i\000o\000n\000\040\000P\000r\000o\000b\000l\000e\000m}{chapter.5}% 40
\BOOKMARK [1][-]{section.5.3}{\376\377\000M\000o\000d\000e\000l\000l\000i\000n\000g\000\040\000a\000s\000\040\000a\000\040\000M\000u\000l\000t\000i\000\040\000C\000a\000s\000c\000a\000d\000e\000d\000\040\000C\000l\000a\000s\000s\000i\000f\000i\000c\000a\000t\000i\000o\000n\000\040\000a\000n\000d\000\040\000R\000e\000g\000r\000e\000s\000s\000i\000o\000n\000\040\000P\000r\000o\000b\000l\000e\000m}{chapter.5}% 41
\BOOKMARK [1][-]{section.5.4}{\376\377\000T\000r\000i\000l\000a\000t\000e\000r\000a\000t\000i\000o\000n\000\040\000M\000e\000t\000h\000o\000d\000o\000l\000o\000g\000y\000\040\000f\000o\000r\000\040\000l\000o\000c\000a\000l\000i\000z\000a\000t\000i\000o\000n\000\040\000o\000f\000\040\000A\000c\000c\000e\000s\000s\000\040\000P\000o\000i\000n\000t\000s}{chapter.5}% 42
\BOOKMARK [0][-]{chapter.6}{\376\377\000C\000o\000n\000c\000l\000u\000s\000i\000o\000n\000s}{}% 43
\BOOKMARK [1][-]{section.6.1}{\376\377\000F\000i\000n\000a\000l\000\040\000R\000e\000m\000a\000r\000k\000s}{chapter.6}% 44
\BOOKMARK [1][-]{section.6.2}{\376\377\000F\000u\000t\000u\000r\000e\000\040\000W\000o\000r\000k}{chapter.6}% 45
\BOOKMARK [0][-]{appendix*.75}{\376\377\000B\000i\000b\000l\000i\000o\000g\000r\000a\000p\000h\000y}{}% 46
\BOOKMARK [0][-]{appendix*.76}{\376\377\000A\000c\000k\000n\000o\000w\000l\000e\000d\000g\000e\000m\000e\000n\000t\000s}{}% 47
